<?xml version="1.0" encoding="utf-8"?><testsuites name="pytest tests"><testsuite name="pytest" errors="0" failures="0" skipped="0" tests="41" time="81.103" timestamp="2026-08-15T14:59:00.344377+00:00" hostname="agent-env-9037eba7-ca54-4624-929f-3fe91d8a0079"><testcase classname="tests.backend_test.TestAuth" name="test_root" time="0.365" /><testcase classname="tests.backend_test.TestAuth" name="test_register_duplicate_returns_400" time="0.318" /><testcase classname="tests.backend_test.TestAssessments" name="test_perfect_assessment_green" time="7.524" /><testcase classname="tests.backend_test.TestAuth" name="test_login_wrong_password" time="0.266" /><testcase classname="tests.backend_test.TestAuth" name="test_me_without_token" time="0.044" /><testcase classname="tests.backend_test.TestAuth" name="test_me_invalid_token" time="0.043" /><testcase classname="tests.backend_test.TestAuth" name="test_me_valid" time="0.046" /><testcase classname="tests.backend_test.TestAuth" name="test_role_update" time="0.090" /><testcase classname="tests.backend_test.TestAuth" name="test_session_invalid" time="0.126" /><testcase classname="tests.backend_test.TestAuth" name="test_logout" time="0.357" /><testcase classname="tests.backend_test.TestAssessments" name="test_weighting_formula" time="9.803" /><testcase classname="tests.test_premium.TestChatGating" name="test_post_chat_403_when_not_pro" time="7.969" /><testcase classname="tests.test_premium.TestChatGating" name="test_get_chat_ok_when_not_pro_empty" time="0.044" /><testcase classname="tests.test_premium.TestChatGating" name="test_chat_requires_auth" time="0.044" /><testcase classname="tests.test_premium.TestChatGating" name="test_chat_unknown_assessment_when_pro" time="0.125" /><testcase classname="tests.test_premium.TestChatGating" name="test_post_chat_pro_returns_reply_and_persists" time="3.437" /><testcase classname="tests.test_premium.TestChatGating" name="test_get_chat_returns_history" time="0.046" /><testcase classname="tests.test_i18n_keys.TestLangParam" name="test_lang_en_english_summary" time="7.306" /><testcase classname="tests.backend_test.TestAssessments" name="test_weak_zone_and_weak_links" time="9.859" /><testcase classname="tests.test_i18n_keys.TestLangParam" name="test_lang_he_hebrew_summary" time="15.346" /><testcase classname="tests.backend_test.TestAssessments" name="test_zero_healthy_lsi_is_zero" time="8.250" /><testcase classname="tests.backend_test.TestAssessments" name="test_list_and_filter_by_profile" time="0.107" /><testcase classname="tests.backend_test.TestAssessments" name="test_get_and_delete_assessment" time="6.462" /><testcase classname="tests.test_i18n_keys.TestLangParam" name="test_lang_ru_russian_summary" time="9.395" /><testcase classname="tests.backend_test.TestAssessments" name="test_assessment_requires_auth" time="0.051" /><testcase classname="tests.backend_test.TestAssessments" name="test_assessment_with_missing_profile" time="0.051" /><testcase classname="tests.backend_test.TestAssessments" name="test_ai_roadmap_generated" time="9.649" /><testcase classname="tests.test_i18n_keys.TestLangParam" name="test_lang_default_still_works" time="9.331" /><testcase classname="tests.backend_test.TestProfiles" name="test_create_and_get_profile" time="0.165" /><testcase classname="tests.backend_test.TestProfiles" name="test_profiles_requires_auth" time="0.098" /><testcase classname="tests.backend_test.TestProfiles" name="test_get_other_users_profile_forbidden" time="0.379" /><testcase classname="tests.test_i18n_keys.TestRadarAndWeakKeys" name="test_radar_has_stable_keys" time="9.828" /><testcase classname="tests.test_premium.TestProToggle" name="test_new_user_default_not_pro" time="0.403" /><testcase classname="tests.test_premium.TestProToggle" name="test_pro_toggle_on" time="0.085" /><testcase classname="tests.test_premium.TestProToggle" name="test_pro_toggle_off" time="0.086" /><testcase classname="tests.test_premium.TestProToggle" name="test_pro_requires_auth" time="0.042" /><testcase classname="tests.test_premium.TestRetestDate" name="test_top_level_retest_date_on_create" time="6.375" /><testcase classname="tests.test_premium.TestRetestDate" name="test_retest_date_in_list" time="0.045" /><testcase classname="tests.backend_test.TestProfileDelete" name="test_delete_profile_cascades" time="6.841" /><testcase classname="tests.test_i18n_keys.TestRadarAndWeakKeys" name="test_weak_links_have_keys_and_deficit" time="8.587" /><testcase classname="tests.test_i18n_keys.TestRadarAndWeakKeys" name="test_get_assessment_preserves_keys" time="9.950" /></testsuite></testsuites>