<?xml version="1.0" encoding="utf-8"?><testsuites name="pytest tests"><testsuite name="pytest" errors="0" failures="0" skipped="0" tests="22" time="60.019" timestamp="2026-08-15T09:49:00.371835+00:00" hostname="agent-env-9037eba7-ca54-4624-929f-3fe91d8a0079"><testcase classname="tests.backend_test.TestAuth" name="test_root" time="0.266" /><testcase classname="tests.backend_test.TestAuth" name="test_register_duplicate_returns_400" time="0.492" /><testcase classname="tests.backend_test.TestAuth" name="test_login_wrong_password" time="0.302" /><testcase classname="tests.backend_test.TestAssessments" name="test_perfect_assessment_green" time="15.254" /><testcase classname="tests.backend_test.TestAuth" name="test_me_without_token" time="1.130" /><testcase classname="tests.backend_test.TestAuth" name="test_me_invalid_token" time="0.133" /><testcase classname="tests.backend_test.TestAuth" name="test_me_valid" time="0.042" /><testcase classname="tests.backend_test.TestAuth" name="test_role_update" time="0.083" /><testcase classname="tests.backend_test.TestAuth" name="test_session_invalid" time="0.118" /><testcase classname="tests.backend_test.TestAuth" name="test_logout" time="0.341" /><testcase classname="tests.backend_test.TestProfiles" name="test_create_and_get_profile" time="0.203" /><testcase classname="tests.backend_test.TestProfiles" name="test_profiles_requires_auth" time="0.087" /><testcase classname="tests.backend_test.TestProfiles" name="test_get_other_users_profile_forbidden" time="0.391" /><testcase classname="tests.backend_test.TestProfileDelete" name="test_delete_profile_cascades" time="6.483" /><testcase classname="tests.backend_test.TestAssessments" name="test_weighting_formula" time="10.398" /><testcase classname="tests.backend_test.TestAssessments" name="test_weak_zone_and_weak_links" time="8.368" /><testcase classname="tests.backend_test.TestAssessments" name="test_zero_healthy_lsi_is_zero" time="8.781" /><testcase classname="tests.backend_test.TestAssessments" name="test_list_and_filter_by_profile" time="0.083" /><testcase classname="tests.backend_test.TestAssessments" name="test_get_and_delete_assessment" time="6.619" /><testcase classname="tests.backend_test.TestAssessments" name="test_assessment_requires_auth" time="0.039" /><testcase classname="tests.backend_test.TestAssessments" name="test_assessment_with_missing_profile" time="0.042" /><testcase classname="tests.backend_test.TestAssessments" name="test_ai_roadmap_generated" time="10.135" /></testsuite></testsuites>